2023-05-10 23:53:28 error: uncaughtException: The server does not support SSL connections
SequelizeConnectionError: The server does not support SSL connections
    at Client._connectionCallback (D:\sachin works\internship test\task-app-api\node_modules\sequelize\src\dialects\postgres\connection-manager.js:195:20)
    at Client._handleErrorWhileConnecting (D:\sachin works\internship test\task-app-api\node_modules\pg\lib\client.js:318:19)
    at Client._handleErrorEvent (D:\sachin works\internship test\task-app-api\node_modules\pg\lib\client.js:328:19)
    at Connection.emit (node:events:513:28)
    at Connection.emit (node:domain:489:12)
    at Socket.<anonymous> (D:\sachin works\internship test\task-app-api\node_modules\pg\lib\connection.js:76:23)
    at Object.onceWrapper (node:events:628:26)
    at Socket.emit (node:events:513:28)
    at Socket.emit (node:domain:489:12)
    at addChunk (node:internal/streams/readable:324:12)
2023-05-10 23:53:28 error: uncaughtException: The server does not support SSL connections
SequelizeConnectionError: The server does not support SSL connections
    at Client._connectionCallback (D:\sachin works\internship test\task-app-api\node_modules\sequelize\src\dialects\postgres\connection-manager.js:195:20)
    at Client._handleErrorWhileConnecting (D:\sachin works\internship test\task-app-api\node_modules\pg\lib\client.js:318:19)
    at Client._handleErrorEvent (D:\sachin works\internship test\task-app-api\node_modules\pg\lib\client.js:328:19)
    at Connection.emit (node:events:513:28)
    at Connection.emit (node:domain:489:12)
    at Socket.<anonymous> (D:\sachin works\internship test\task-app-api\node_modules\pg\lib\connection.js:76:23)
    at Object.onceWrapper (node:events:628:26)
    at Socket.emit (node:events:513:28)
    at Socket.emit (node:domain:489:12)
    at addChunk (node:internal/streams/readable:324:12)
2023-05-10 23:53:28 error: uncaughtException: The server does not support SSL connections
SequelizeConnectionError: The server does not support SSL connections
    at Client._connectionCallback (D:\sachin works\internship test\task-app-api\node_modules\sequelize\src\dialects\postgres\connection-manager.js:195:20)
    at Client._handleErrorWhileConnecting (D:\sachin works\internship test\task-app-api\node_modules\pg\lib\client.js:318:19)
    at Client._handleErrorEvent (D:\sachin works\internship test\task-app-api\node_modules\pg\lib\client.js:328:19)
    at Connection.emit (node:events:513:28)
    at Connection.emit (node:domain:489:12)
    at Socket.<anonymous> (D:\sachin works\internship test\task-app-api\node_modules\pg\lib\connection.js:76:23)
    at Object.onceWrapper (node:events:628:26)
    at Socket.emit (node:events:513:28)
    at Socket.emit (node:domain:489:12)
    at addChunk (node:internal/streams/readable:324:12)
2023-05-10 23:53:28 error: uncaughtException: The server does not support SSL connections
SequelizeConnectionError: The server does not support SSL connections
    at Client._connectionCallback (D:\sachin works\internship test\task-app-api\node_modules\sequelize\src\dialects\postgres\connection-manager.js:195:20)
    at Client._handleErrorWhileConnecting (D:\sachin works\internship test\task-app-api\node_modules\pg\lib\client.js:318:19)
    at Client._handleErrorEvent (D:\sachin works\internship test\task-app-api\node_modules\pg\lib\client.js:328:19)
    at Connection.emit (node:events:513:28)
    at Connection.emit (node:domain:489:12)
    at Socket.<anonymous> (D:\sachin works\internship test\task-app-api\node_modules\pg\lib\connection.js:76:23)
    at Object.onceWrapper (node:events:628:26)
    at Socket.emit (node:events:513:28)
    at Socket.emit (node:domain:489:12)
    at addChunk (node:internal/streams/readable:324:12)
2023-05-10 23:56:10 error: uncaughtException: The server does not support SSL connections
SequelizeConnectionError: The server does not support SSL connections
    at Client._connectionCallback (D:\sachin works\internship test\task-app-api\node_modules\sequelize\src\dialects\postgres\connection-manager.js:195:20)
    at Client._handleErrorWhileConnecting (D:\sachin works\internship test\task-app-api\node_modules\pg\lib\client.js:318:19)
    at Client._handleErrorEvent (D:\sachin works\internship test\task-app-api\node_modules\pg\lib\client.js:328:19)
    at Connection.emit (node:events:513:28)
    at Connection.emit (node:domain:489:12)
    at Socket.<anonymous> (D:\sachin works\internship test\task-app-api\node_modules\pg\lib\connection.js:76:23)
    at Object.onceWrapper (node:events:628:26)
    at Socket.emit (node:events:513:28)
    at Socket.emit (node:domain:489:12)
    at addChunk (node:internal/streams/readable:324:12)
2023-05-10 23:56:10 error: uncaughtException: The server does not support SSL connections
SequelizeConnectionError: The server does not support SSL connections
    at Client._connectionCallback (D:\sachin works\internship test\task-app-api\node_modules\sequelize\src\dialects\postgres\connection-manager.js:195:20)
    at Client._handleErrorWhileConnecting (D:\sachin works\internship test\task-app-api\node_modules\pg\lib\client.js:318:19)
    at Client._handleErrorEvent (D:\sachin works\internship test\task-app-api\node_modules\pg\lib\client.js:328:19)
    at Connection.emit (node:events:513:28)
    at Connection.emit (node:domain:489:12)
    at Socket.<anonymous> (D:\sachin works\internship test\task-app-api\node_modules\pg\lib\connection.js:76:23)
    at Object.onceWrapper (node:events:628:26)
    at Socket.emit (node:events:513:28)
    at Socket.emit (node:domain:489:12)
    at addChunk (node:internal/streams/readable:324:12)
2023-05-10 23:56:10 error: uncaughtException: The server does not support SSL connections
SequelizeConnectionError: The server does not support SSL connections
    at Client._connectionCallback (D:\sachin works\internship test\task-app-api\node_modules\sequelize\src\dialects\postgres\connection-manager.js:195:20)
    at Client._handleErrorWhileConnecting (D:\sachin works\internship test\task-app-api\node_modules\pg\lib\client.js:318:19)
    at Client._handleErrorEvent (D:\sachin works\internship test\task-app-api\node_modules\pg\lib\client.js:328:19)
    at Connection.emit (node:events:513:28)
    at Connection.emit (node:domain:489:12)
    at Socket.<anonymous> (D:\sachin works\internship test\task-app-api\node_modules\pg\lib\connection.js:76:23)
    at Object.onceWrapper (node:events:628:26)
    at Socket.emit (node:events:513:28)
    at Socket.emit (node:domain:489:12)
    at addChunk (node:internal/streams/readable:324:12)
2023-05-10 23:56:10 error: uncaughtException: The server does not support SSL connections
SequelizeConnectionError: The server does not support SSL connections
    at Client._connectionCallback (D:\sachin works\internship test\task-app-api\node_modules\sequelize\src\dialects\postgres\connection-manager.js:195:20)
    at Client._handleErrorWhileConnecting (D:\sachin works\internship test\task-app-api\node_modules\pg\lib\client.js:318:19)
    at Client._handleErrorEvent (D:\sachin works\internship test\task-app-api\node_modules\pg\lib\client.js:328:19)
    at Connection.emit (node:events:513:28)
    at Connection.emit (node:domain:489:12)
    at Socket.<anonymous> (D:\sachin works\internship test\task-app-api\node_modules\pg\lib\connection.js:76:23)
    at Object.onceWrapper (node:events:628:26)
    at Socket.emit (node:events:513:28)
    at Socket.emit (node:domain:489:12)
    at addChunk (node:internal/streams/readable:324:12)
2023-05-10 23:57:45 error: uncaughtException: The server does not support SSL connections
SequelizeConnectionError: The server does not support SSL connections
    at Client._connectionCallback (D:\sachin works\internship test\task-app-api\node_modules\sequelize\src\dialects\postgres\connection-manager.js:195:20)
    at Client._handleErrorWhileConnecting (D:\sachin works\internship test\task-app-api\node_modules\pg\lib\client.js:318:19)
    at Client._handleErrorEvent (D:\sachin works\internship test\task-app-api\node_modules\pg\lib\client.js:328:19)
    at Connection.emit (node:events:513:28)
    at Connection.emit (node:domain:489:12)
    at Socket.<anonymous> (D:\sachin works\internship test\task-app-api\node_modules\pg\lib\connection.js:76:23)
    at Object.onceWrapper (node:events:628:26)
    at Socket.emit (node:events:513:28)
    at Socket.emit (node:domain:489:12)
    at addChunk (node:internal/streams/readable:324:12)
2023-05-10 23:57:45 error: uncaughtException: The server does not support SSL connections
SequelizeConnectionError: The server does not support SSL connections
    at Client._connectionCallback (D:\sachin works\internship test\task-app-api\node_modules\sequelize\src\dialects\postgres\connection-manager.js:195:20)
    at Client._handleErrorWhileConnecting (D:\sachin works\internship test\task-app-api\node_modules\pg\lib\client.js:318:19)
    at Client._handleErrorEvent (D:\sachin works\internship test\task-app-api\node_modules\pg\lib\client.js:328:19)
    at Connection.emit (node:events:513:28)
    at Connection.emit (node:domain:489:12)
    at Socket.<anonymous> (D:\sachin works\internship test\task-app-api\node_modules\pg\lib\connection.js:76:23)
    at Object.onceWrapper (node:events:628:26)
    at Socket.emit (node:events:513:28)
    at Socket.emit (node:domain:489:12)
    at addChunk (node:internal/streams/readable:324:12)
2023-05-10 23:57:45 error: uncaughtException: The server does not support SSL connections
SequelizeConnectionError: The server does not support SSL connections
    at Client._connectionCallback (D:\sachin works\internship test\task-app-api\node_modules\sequelize\src\dialects\postgres\connection-manager.js:195:20)
    at Client._handleErrorWhileConnecting (D:\sachin works\internship test\task-app-api\node_modules\pg\lib\client.js:318:19)
    at Client._handleErrorEvent (D:\sachin works\internship test\task-app-api\node_modules\pg\lib\client.js:328:19)
    at Connection.emit (node:events:513:28)
    at Connection.emit (node:domain:489:12)
    at Socket.<anonymous> (D:\sachin works\internship test\task-app-api\node_modules\pg\lib\connection.js:76:23)
    at Object.onceWrapper (node:events:628:26)
    at Socket.emit (node:events:513:28)
    at Socket.emit (node:domain:489:12)
    at addChunk (node:internal/streams/readable:324:12)
2023-05-10 23:57:45 error: uncaughtException: The server does not support SSL connections
SequelizeConnectionError: The server does not support SSL connections
    at Client._connectionCallback (D:\sachin works\internship test\task-app-api\node_modules\sequelize\src\dialects\postgres\connection-manager.js:195:20)
    at Client._handleErrorWhileConnecting (D:\sachin works\internship test\task-app-api\node_modules\pg\lib\client.js:318:19)
    at Client._handleErrorEvent (D:\sachin works\internship test\task-app-api\node_modules\pg\lib\client.js:328:19)
    at Connection.emit (node:events:513:28)
    at Connection.emit (node:domain:489:12)
    at Socket.<anonymous> (D:\sachin works\internship test\task-app-api\node_modules\pg\lib\connection.js:76:23)
    at Object.onceWrapper (node:events:628:26)
    at Socket.emit (node:events:513:28)
    at Socket.emit (node:domain:489:12)
    at addChunk (node:internal/streams/readable:324:12)
2023-05-10 23:59:20 error: uncaughtException: The server does not support SSL connections
SequelizeConnectionError: The server does not support SSL connections
    at Client._connectionCallback (D:\sachin works\internship test\task-app-api\node_modules\sequelize\src\dialects\postgres\connection-manager.js:195:20)
    at Client._handleErrorWhileConnecting (D:\sachin works\internship test\task-app-api\node_modules\pg\lib\client.js:318:19)
    at Client._handleErrorEvent (D:\sachin works\internship test\task-app-api\node_modules\pg\lib\client.js:328:19)
    at Connection.emit (node:events:513:28)
    at Connection.emit (node:domain:489:12)
    at Socket.<anonymous> (D:\sachin works\internship test\task-app-api\node_modules\pg\lib\connection.js:76:23)
    at Object.onceWrapper (node:events:628:26)
    at Socket.emit (node:events:513:28)
    at Socket.emit (node:domain:489:12)
    at addChunk (node:internal/streams/readable:324:12)
2023-05-10 23:59:20 error: uncaughtException: The server does not support SSL connections
SequelizeConnectionError: The server does not support SSL connections
    at Client._connectionCallback (D:\sachin works\internship test\task-app-api\node_modules\sequelize\src\dialects\postgres\connection-manager.js:195:20)
    at Client._handleErrorWhileConnecting (D:\sachin works\internship test\task-app-api\node_modules\pg\lib\client.js:318:19)
    at Client._handleErrorEvent (D:\sachin works\internship test\task-app-api\node_modules\pg\lib\client.js:328:19)
    at Connection.emit (node:events:513:28)
    at Connection.emit (node:domain:489:12)
    at Socket.<anonymous> (D:\sachin works\internship test\task-app-api\node_modules\pg\lib\connection.js:76:23)
    at Object.onceWrapper (node:events:628:26)
    at Socket.emit (node:events:513:28)
    at Socket.emit (node:domain:489:12)
    at addChunk (node:internal/streams/readable:324:12)
2023-05-10 23:59:20 error: uncaughtException: The server does not support SSL connections
SequelizeConnectionError: The server does not support SSL connections
    at Client._connectionCallback (D:\sachin works\internship test\task-app-api\node_modules\sequelize\src\dialects\postgres\connection-manager.js:195:20)
    at Client._handleErrorWhileConnecting (D:\sachin works\internship test\task-app-api\node_modules\pg\lib\client.js:318:19)
    at Client._handleErrorEvent (D:\sachin works\internship test\task-app-api\node_modules\pg\lib\client.js:328:19)
    at Connection.emit (node:events:513:28)
    at Connection.emit (node:domain:489:12)
    at Socket.<anonymous> (D:\sachin works\internship test\task-app-api\node_modules\pg\lib\connection.js:76:23)
    at Object.onceWrapper (node:events:628:26)
    at Socket.emit (node:events:513:28)
    at Socket.emit (node:domain:489:12)
    at addChunk (node:internal/streams/readable:324:12)
2023-05-10 23:59:20 error: uncaughtException: The server does not support SSL connections
SequelizeConnectionError: The server does not support SSL connections
    at Client._connectionCallback (D:\sachin works\internship test\task-app-api\node_modules\sequelize\src\dialects\postgres\connection-manager.js:195:20)
    at Client._handleErrorWhileConnecting (D:\sachin works\internship test\task-app-api\node_modules\pg\lib\client.js:318:19)
    at Client._handleErrorEvent (D:\sachin works\internship test\task-app-api\node_modules\pg\lib\client.js:328:19)
    at Connection.emit (node:events:513:28)
    at Connection.emit (node:domain:489:12)
    at Socket.<anonymous> (D:\sachin works\internship test\task-app-api\node_modules\pg\lib\connection.js:76:23)
    at Object.onceWrapper (node:events:628:26)
    at Socket.emit (node:events:513:28)
    at Socket.emit (node:domain:489:12)
    at addChunk (node:internal/streams/readable:324:12)
