2023-05-10 14:50:46 info: =================================
2023-05-10 14:50:46 info: ======= ENV: development =======
2023-05-10 14:50:46 info: 🚀 App listening on the port 3000
2023-05-10 14:50:46 info: =================================
2023-05-10 14:50:50 info: 136ms Executed (default): SELECT 1+1 AS result
2023-05-10 14:50:50 info: 220ms Executed (default): SELECT table_name FROM information_schema.tables WHERE table_schema = 'public' AND table_name = 'auth'
2023-05-10 14:50:50 info: 271ms Executed (default): SELECT table_name FROM information_schema.tables WHERE table_schema = 'public' AND table_name = 'task'
2023-05-10 14:50:50 info: 201ms Executed (default): SELECT table_name FROM information_schema.tables WHERE table_schema = 'public' AND table_name = 'users'
2023-05-10 14:50:52 info: 1520ms Executed (default): SELECT pk.constraint_type as "Constraint",c.column_name as "Field", c.column_default as "Default",c.is_nullable as "Null", (CASE WHEN c.udt_name = 'hstore' THEN c.udt_name ELSE c.data_type END) || (CASE WHEN c.character_maximum_length IS NOT NULL THEN '(' || c.character_maximum_length || ')' ELSE '' END) as "Type", (SELECT array_agg(e.enumlabel) FROM pg_catalog.pg_type t JOIN pg_catalog.pg_enum e ON t.oid=e.enumtypid WHERE t.typname=c.udt_name) AS "special", (SELECT pgd.description FROM pg_catalog.pg_statio_all_tables AS st INNER JOIN pg_catalog.pg_description pgd on (pgd.objoid=st.relid) WHERE c.ordinal_position=pgd.objsubid AND c.table_name=st.relname) AS "Comment" FROM information_schema.columns c LEFT JOIN (SELECT tc.table_schema, tc.table_name, cu.column_name, tc.constraint_type FROM information_schema.TABLE_CONSTRAINTS tc JOIN information_schema.KEY_COLUMN_USAGE  cu ON tc.table_schema=cu.table_schema and tc.table_name=cu.table_name and tc.constraint_name=cu.constraint_name and tc.constraint_type='PRIMARY KEY') pk ON pk.table_schema=c.table_schema AND pk.table_name=c.table_name AND pk.column_name=c.column_name WHERE c.table_name = 'auth' AND c.table_schema = 'public'
2023-05-10 14:51:46 info: 54640ms Executed (default): SELECT DISTINCT tc.constraint_name as constraint_name, tc.constraint_schema as constraint_schema, tc.constraint_catalog as constraint_catalog, tc.table_name as table_name,tc.table_schema as table_schema,tc.table_catalog as table_catalog,tc.initially_deferred as initially_deferred,tc.is_deferrable as is_deferrable,kcu.column_name as column_name,ccu.table_schema  AS referenced_table_schema,ccu.table_catalog  AS referenced_table_catalog,ccu.table_name  AS referenced_table_name,ccu.column_name AS referenced_column_name FROM information_schema.table_constraints AS tc JOIN information_schema.key_column_usage AS kcu ON tc.constraint_name = kcu.constraint_name JOIN information_schema.constraint_column_usage AS ccu ON ccu.constraint_name = tc.constraint_name WHERE constraint_type = 'FOREIGN KEY' AND tc.table_name = 'task' AND tc.table_catalog = 'taskapp_dty6'
2023-05-10 14:51:46 info: 54940ms Executed (default): SELECT DISTINCT tc.constraint_name as constraint_name, tc.constraint_schema as constraint_schema, tc.constraint_catalog as constraint_catalog, tc.table_name as table_name,tc.table_schema as table_schema,tc.table_catalog as table_catalog,tc.initially_deferred as initially_deferred,tc.is_deferrable as is_deferrable,kcu.column_name as column_name,ccu.table_schema  AS referenced_table_schema,ccu.table_catalog  AS referenced_table_catalog,ccu.table_name  AS referenced_table_name,ccu.column_name AS referenced_column_name FROM information_schema.table_constraints AS tc JOIN information_schema.key_column_usage AS kcu ON tc.constraint_name = kcu.constraint_name JOIN information_schema.constraint_column_usage AS ccu ON ccu.constraint_name = tc.constraint_name WHERE constraint_type = 'FOREIGN KEY' AND tc.table_name = 'auth' AND tc.table_catalog = 'taskapp_dty6'
2023-05-10 14:51:46 info: 54793ms Executed (default): SELECT pk.constraint_type as "Constraint",c.column_name as "Field", c.column_default as "Default",c.is_nullable as "Null", (CASE WHEN c.udt_name = 'hstore' THEN c.udt_name ELSE c.data_type END) || (CASE WHEN c.character_maximum_length IS NOT NULL THEN '(' || c.character_maximum_length || ')' ELSE '' END) as "Type", (SELECT array_agg(e.enumlabel) FROM pg_catalog.pg_type t JOIN pg_catalog.pg_enum e ON t.oid=e.enumtypid WHERE t.typname=c.udt_name) AS "special", (SELECT pgd.description FROM pg_catalog.pg_statio_all_tables AS st INNER JOIN pg_catalog.pg_description pgd on (pgd.objoid=st.relid) WHERE c.ordinal_position=pgd.objsubid AND c.table_name=st.relname) AS "Comment" FROM information_schema.columns c LEFT JOIN (SELECT tc.table_schema, tc.table_name, cu.column_name, tc.constraint_type FROM information_schema.TABLE_CONSTRAINTS tc JOIN information_schema.KEY_COLUMN_USAGE  cu ON tc.table_schema=cu.table_schema and tc.table_name=cu.table_name and tc.constraint_name=cu.constraint_name and tc.constraint_type='PRIMARY KEY') pk ON pk.table_schema=c.table_schema AND pk.table_name=c.table_name AND pk.column_name=c.column_name WHERE c.table_name = 'task' AND c.table_schema = 'public'
2023-05-10 14:51:47 info: 1149ms Executed (default): ALTER TABLE "auth" ALTER COLUMN "user_id" SET NOT NULL;ALTER TABLE "auth" ALTER COLUMN "user_id" DROP DEFAULT;ALTER TABLE "auth" ALTER COLUMN "user_id" TYPE VARCHAR(45);
2023-05-10 14:51:47 info: 1159ms Executed (default): SELECT i.relname AS name, ix.indisprimary AS primary, ix.indisunique AS unique, ix.indkey AS indkey, array_agg(a.attnum) as column_indexes, array_agg(a.attname) AS column_names, pg_get_indexdef(ix.indexrelid) AS definition FROM pg_class t, pg_class i, pg_index ix, pg_attribute a WHERE t.oid = ix.indrelid AND i.oid = ix.indexrelid AND a.attrelid = t.oid AND t.relkind = 'r' and t.relname = 'users' GROUP BY i.relname, ix.indexrelid, ix.indisprimary, ix.indisunique, ix.indkey ORDER BY i.relname;
2023-05-10 14:51:47 info: 1152ms Executed (default): ALTER TABLE "task" ALTER COLUMN "user_id" SET NOT NULL;ALTER TABLE "task" ALTER COLUMN "user_id" DROP DEFAULT;ALTER TABLE "task" ALTER COLUMN "user_id" TYPE VARCHAR(45);
2023-05-10 14:51:48 info: 1455ms Executed (default): ALTER TABLE "auth" ALTER COLUMN "token" SET NOT NULL;ALTER TABLE "auth" ALTER COLUMN "token" DROP DEFAULT;ALTER TABLE "auth" ALTER COLUMN "token" TYPE TEXT;
2023-05-10 14:51:48 info: 1453ms Executed (default): SELECT table_name FROM information_schema.tables WHERE table_schema = 'public' AND table_name = 'auth'
2023-05-10 14:51:48 info: 1453ms Executed (default): ALTER TABLE "task" ALTER COLUMN "label" SET NOT NULL;ALTER TABLE "task" ALTER COLUMN "label" DROP DEFAULT;ALTER TABLE "task" ALTER COLUMN "label" TYPE TEXT;
2023-05-10 14:51:50 info: 1505ms Executed (default): ALTER TABLE "task" ALTER COLUMN "content" DROP NOT NULL;ALTER TABLE "task" ALTER COLUMN "content" DROP DEFAULT;ALTER TABLE "task" ALTER COLUMN "content" TYPE TEXT;
2023-05-10 14:51:50 info: 1560ms Executed (default): SELECT i.relname AS name, ix.indisprimary AS primary, ix.indisunique AS unique, ix.indkey AS indkey, array_agg(a.attnum) as column_indexes, array_agg(a.attname) AS column_names, pg_get_indexdef(ix.indexrelid) AS definition FROM pg_class t, pg_class i, pg_index ix, pg_attribute a WHERE t.oid = ix.indrelid AND i.oid = ix.indexrelid AND a.attrelid = t.oid AND t.relkind = 'r' and t.relname = 'auth' GROUP BY i.relname, ix.indexrelid, ix.indisprimary, ix.indisunique, ix.indkey ORDER BY i.relname;
2023-05-10 14:51:50 info: 1564ms Executed (default): ALTER TABLE "auth" ALTER COLUMN "expire_at" SET NOT NULL;ALTER TABLE "auth" ALTER COLUMN "expire_at" DROP DEFAULT;ALTER TABLE "auth" ALTER COLUMN "expire_at" TYPE VARCHAR(100);
2023-05-10 14:51:50 info: 605ms Executed (default): SELECT table_name FROM information_schema.tables WHERE table_schema = 'public' AND table_name = 'task'
2023-05-10 14:51:51 info: 672ms Executed (default): ALTER TABLE "task" ALTER COLUMN "status" DROP NOT NULL;ALTER TABLE "task" ALTER COLUMN "status" SET DEFAULT true;ALTER TABLE "task" ALTER COLUMN "status" TYPE BOOLEAN;
2023-05-10 14:51:51 info: 668ms Executed (default): ALTER TABLE "auth" ALTER COLUMN "created_at" SET NOT NULL;ALTER TABLE "auth" ALTER COLUMN "created_at" DROP DEFAULT;ALTER TABLE "auth" ALTER COLUMN "created_at" TYPE TIMESTAMP WITH TIME ZONE;
2023-05-10 14:51:51 info: 732ms Executed (default): SELECT i.relname AS name, ix.indisprimary AS primary, ix.indisunique AS unique, ix.indkey AS indkey, array_agg(a.attnum) as column_indexes, array_agg(a.attname) AS column_names, pg_get_indexdef(ix.indexrelid) AS definition FROM pg_class t, pg_class i, pg_index ix, pg_attribute a WHERE t.oid = ix.indrelid AND i.oid = ix.indexrelid AND a.attrelid = t.oid AND t.relkind = 'r' and t.relname = 'task' GROUP BY i.relname, ix.indexrelid, ix.indisprimary, ix.indisunique, ix.indkey ORDER BY i.relname;
2023-05-10 14:51:51 info: 810ms Executed (default): ALTER TABLE "task" ALTER COLUMN "lock" DROP NOT NULL;ALTER TABLE "task" ALTER COLUMN "lock" SET DEFAULT false;ALTER TABLE "task" ALTER COLUMN "lock" TYPE BOOLEAN;
2023-05-10 14:51:51 info: 810ms Executed (default): ALTER TABLE "auth" ALTER COLUMN "updated_at" SET NOT NULL;ALTER TABLE "auth" ALTER COLUMN "updated_at" DROP DEFAULT;ALTER TABLE "auth" ALTER COLUMN "updated_at" TYPE TIMESTAMP WITH TIME ZONE;
2023-05-10 14:51:52 info: 883ms Executed (default): SELECT i.relname AS name, ix.indisprimary AS primary, ix.indisunique AS unique, ix.indkey AS indkey, array_agg(a.attnum) as column_indexes, array_agg(a.attname) AS column_names, pg_get_indexdef(ix.indexrelid) AS definition FROM pg_class t, pg_class i, pg_index ix, pg_attribute a WHERE t.oid = ix.indrelid AND i.oid = ix.indexrelid AND a.attrelid = t.oid AND t.relkind = 'r' and t.relname = 'auth' GROUP BY i.relname, ix.indexrelid, ix.indisprimary, ix.indisunique, ix.indkey ORDER BY i.relname;
2023-05-10 14:51:52 info: 884ms Executed (default): ALTER TABLE "task" ALTER COLUMN "created_at" SET NOT NULL;ALTER TABLE "task" ALTER COLUMN "created_at" DROP DEFAULT;ALTER TABLE "task" ALTER COLUMN "created_at" TYPE TIMESTAMP WITH TIME ZONE;
2023-05-10 14:51:55 info: 2561ms Executed (default): ALTER TABLE "task" ALTER COLUMN "updated_at" SET NOT NULL;ALTER TABLE "task" ALTER COLUMN "updated_at" DROP DEFAULT;ALTER TABLE "task" ALTER COLUMN "updated_at" TYPE TIMESTAMP WITH TIME ZONE;
2023-05-10 14:51:56 info: 1624ms Executed (default): SELECT i.relname AS name, ix.indisprimary AS primary, ix.indisunique AS unique, ix.indkey AS indkey, array_agg(a.attnum) as column_indexes, array_agg(a.attname) AS column_names, pg_get_indexdef(ix.indexrelid) AS definition FROM pg_class t, pg_class i, pg_index ix, pg_attribute a WHERE t.oid = ix.indrelid AND i.oid = ix.indexrelid AND a.attrelid = t.oid AND t.relkind = 'r' and t.relname = 'task' GROUP BY i.relname, ix.indexrelid, ix.indisprimary, ix.indisunique, ix.indkey ORDER BY i.relname;
2023-05-10 14:52:03 info: [0mGET / [32m200[0m 8.630 ms - -[0m
2023-05-10 14:52:03 info: [0mGET /swagger-ui-init.js [32m200[0m 1.141 ms - -[0m
2023-05-10 14:52:03 info: [0mGET /swagger-ui-standalone-preset.js [32m200[0m 6.167 ms - -[0m
2023-05-10 14:52:03 info: [0mGET /swagger-ui-bundle.js [32m200[0m 7.864 ms - -[0m
2023-05-10 14:52:03 info: [0mGET /swagger-ui.css [32m200[0m 87.514 ms - -[0m
2023-05-10 14:52:03 info: [0mGET / [32m200[0m 1.346 ms - -[0m
2023-05-10 14:52:03 info: [0mGET /favicon-32x32.png [32m200[0m 2.976 ms - 628[0m
2023-05-10 16:14:15 info: =================================
2023-05-10 16:14:15 info: ======= ENV: development =======
2023-05-10 16:14:15 info: 🚀 App listening on the port 3000
2023-05-10 16:14:15 info: =================================
2023-05-10 16:14:18 info: 119ms Executed (default): SELECT 1+1 AS result
2023-05-10 16:14:18 info: 127ms Executed (default): SELECT table_name FROM information_schema.tables WHERE table_schema = 'public' AND table_name = 'task'
2023-05-10 16:14:18 info: 139ms Executed (default): SELECT table_name FROM information_schema.tables WHERE table_schema = 'public' AND table_name = 'auth'
2023-05-10 16:14:18 info: 148ms Executed (default): SELECT table_name FROM information_schema.tables WHERE table_schema = 'public' AND table_name = 'users'
2023-05-10 16:14:18 info: 233ms Executed (default): SELECT pk.constraint_type as "Constraint",c.column_name as "Field", c.column_default as "Default",c.is_nullable as "Null", (CASE WHEN c.udt_name = 'hstore' THEN c.udt_name ELSE c.data_type END) || (CASE WHEN c.character_maximum_length IS NOT NULL THEN '(' || c.character_maximum_length || ')' ELSE '' END) as "Type", (SELECT array_agg(e.enumlabel) FROM pg_catalog.pg_type t JOIN pg_catalog.pg_enum e ON t.oid=e.enumtypid WHERE t.typname=c.udt_name) AS "special", (SELECT pgd.description FROM pg_catalog.pg_statio_all_tables AS st INNER JOIN pg_catalog.pg_description pgd on (pgd.objoid=st.relid) WHERE c.ordinal_position=pgd.objsubid AND c.table_name=st.relname) AS "Comment" FROM information_schema.columns c LEFT JOIN (SELECT tc.table_schema, tc.table_name, cu.column_name, tc.constraint_type FROM information_schema.TABLE_CONSTRAINTS tc JOIN information_schema.KEY_COLUMN_USAGE  cu ON tc.table_schema=cu.table_schema and tc.table_name=cu.table_name and tc.constraint_name=cu.constraint_name and tc.constraint_type='PRIMARY KEY') pk ON pk.table_schema=c.table_schema AND pk.table_name=c.table_name AND pk.column_name=c.column_name WHERE c.table_name = 'task' AND c.table_schema = 'public'
2023-05-10 16:14:18 info: 229ms Executed (default): SELECT DISTINCT tc.constraint_name as constraint_name, tc.constraint_schema as constraint_schema, tc.constraint_catalog as constraint_catalog, tc.table_name as table_name,tc.table_schema as table_schema,tc.table_catalog as table_catalog,tc.initially_deferred as initially_deferred,tc.is_deferrable as is_deferrable,kcu.column_name as column_name,ccu.table_schema  AS referenced_table_schema,ccu.table_catalog  AS referenced_table_catalog,ccu.table_name  AS referenced_table_name,ccu.column_name AS referenced_column_name FROM information_schema.table_constraints AS tc JOIN information_schema.key_column_usage AS kcu ON tc.constraint_name = kcu.constraint_name JOIN information_schema.constraint_column_usage AS ccu ON ccu.constraint_name = tc.constraint_name WHERE constraint_type = 'FOREIGN KEY' AND tc.table_name = 'task' AND tc.table_catalog = 'taskapp_dty6'
2023-05-10 16:14:18 info: 306ms Executed (default): SELECT pk.constraint_type as "Constraint",c.column_name as "Field", c.column_default as "Default",c.is_nullable as "Null", (CASE WHEN c.udt_name = 'hstore' THEN c.udt_name ELSE c.data_type END) || (CASE WHEN c.character_maximum_length IS NOT NULL THEN '(' || c.character_maximum_length || ')' ELSE '' END) as "Type", (SELECT array_agg(e.enumlabel) FROM pg_catalog.pg_type t JOIN pg_catalog.pg_enum e ON t.oid=e.enumtypid WHERE t.typname=c.udt_name) AS "special", (SELECT pgd.description FROM pg_catalog.pg_statio_all_tables AS st INNER JOIN pg_catalog.pg_description pgd on (pgd.objoid=st.relid) WHERE c.ordinal_position=pgd.objsubid AND c.table_name=st.relname) AS "Comment" FROM information_schema.columns c LEFT JOIN (SELECT tc.table_schema, tc.table_name, cu.column_name, tc.constraint_type FROM information_schema.TABLE_CONSTRAINTS tc JOIN information_schema.KEY_COLUMN_USAGE  cu ON tc.table_schema=cu.table_schema and tc.table_name=cu.table_name and tc.constraint_name=cu.constraint_name and tc.constraint_type='PRIMARY KEY') pk ON pk.table_schema=c.table_schema AND pk.table_name=c.table_name AND pk.column_name=c.column_name WHERE c.table_name = 'auth' AND c.table_schema = 'public'
2023-05-10 16:14:18 info: 266ms Executed (default): SELECT DISTINCT tc.constraint_name as constraint_name, tc.constraint_schema as constraint_schema, tc.constraint_catalog as constraint_catalog, tc.table_name as table_name,tc.table_schema as table_schema,tc.table_catalog as table_catalog,tc.initially_deferred as initially_deferred,tc.is_deferrable as is_deferrable,kcu.column_name as column_name,ccu.table_schema  AS referenced_table_schema,ccu.table_catalog  AS referenced_table_catalog,ccu.table_name  AS referenced_table_name,ccu.column_name AS referenced_column_name FROM information_schema.table_constraints AS tc JOIN information_schema.key_column_usage AS kcu ON tc.constraint_name = kcu.constraint_name JOIN information_schema.constraint_column_usage AS ccu ON ccu.constraint_name = tc.constraint_name WHERE constraint_type = 'FOREIGN KEY' AND tc.table_name = 'auth' AND tc.table_catalog = 'taskapp_dty6'
2023-05-10 16:14:19 info: 239ms Executed (default): SELECT i.relname AS name, ix.indisprimary AS primary, ix.indisunique AS unique, ix.indkey AS indkey, array_agg(a.attnum) as column_indexes, array_agg(a.attname) AS column_names, pg_get_indexdef(ix.indexrelid) AS definition FROM pg_class t, pg_class i, pg_index ix, pg_attribute a WHERE t.oid = ix.indrelid AND i.oid = ix.indexrelid AND a.attrelid = t.oid AND t.relkind = 'r' and t.relname = 'users' GROUP BY i.relname, ix.indexrelid, ix.indisprimary, ix.indisunique, ix.indkey ORDER BY i.relname;
2023-05-10 16:14:19 info: 140ms Executed (default): ALTER TABLE "task" ALTER COLUMN "user_id" SET NOT NULL;ALTER TABLE "task" ALTER COLUMN "user_id" DROP DEFAULT;ALTER TABLE "task" ALTER COLUMN "user_id" TYPE VARCHAR(45);
2023-05-10 16:14:19 info: 122ms Executed (default): SELECT table_name FROM information_schema.tables WHERE table_schema = 'public' AND table_name = 'auth'
2023-05-10 16:14:19 info: 128ms Executed (default): ALTER TABLE "auth" ALTER COLUMN "user_id" SET NOT NULL;ALTER TABLE "auth" ALTER COLUMN "user_id" DROP DEFAULT;ALTER TABLE "auth" ALTER COLUMN "user_id" TYPE VARCHAR(45);
2023-05-10 16:14:19 info: 120ms Executed (default): ALTER TABLE "task" ALTER COLUMN "label" SET NOT NULL;ALTER TABLE "task" ALTER COLUMN "label" DROP DEFAULT;ALTER TABLE "task" ALTER COLUMN "label" TYPE TEXT;
2023-05-10 16:14:19 info: 118ms Executed (default): ALTER TABLE "auth" ALTER COLUMN "token" SET NOT NULL;ALTER TABLE "auth" ALTER COLUMN "token" DROP DEFAULT;ALTER TABLE "auth" ALTER COLUMN "token" TYPE TEXT;
2023-05-10 16:14:19 info: 224ms Executed (default): SELECT i.relname AS name, ix.indisprimary AS primary, ix.indisunique AS unique, ix.indkey AS indkey, array_agg(a.attnum) as column_indexes, array_agg(a.attname) AS column_names, pg_get_indexdef(ix.indexrelid) AS definition FROM pg_class t, pg_class i, pg_index ix, pg_attribute a WHERE t.oid = ix.indrelid AND i.oid = ix.indexrelid AND a.attrelid = t.oid AND t.relkind = 'r' and t.relname = 'auth' GROUP BY i.relname, ix.indexrelid, ix.indisprimary, ix.indisunique, ix.indkey ORDER BY i.relname;
2023-05-10 16:14:19 info: 233ms Executed (default): ALTER TABLE "auth" ALTER COLUMN "expire_at" SET NOT NULL;ALTER TABLE "auth" ALTER COLUMN "expire_at" DROP DEFAULT;ALTER TABLE "auth" ALTER COLUMN "expire_at" TYPE VARCHAR(100);
2023-05-10 16:14:19 info: 131ms Executed (default): SELECT table_name FROM information_schema.tables WHERE table_schema = 'public' AND table_name = 'task'
2023-05-10 16:14:19 info: 239ms Executed (default): ALTER TABLE "task" ALTER COLUMN "content" DROP NOT NULL;ALTER TABLE "task" ALTER COLUMN "content" DROP DEFAULT;ALTER TABLE "task" ALTER COLUMN "content" TYPE TEXT;
2023-05-10 16:14:19 info: 132ms Executed (default): SELECT i.relname AS name, ix.indisprimary AS primary, ix.indisunique AS unique, ix.indkey AS indkey, array_agg(a.attnum) as column_indexes, array_agg(a.attname) AS column_names, pg_get_indexdef(ix.indexrelid) AS definition FROM pg_class t, pg_class i, pg_index ix, pg_attribute a WHERE t.oid = ix.indrelid AND i.oid = ix.indexrelid AND a.attrelid = t.oid AND t.relkind = 'r' and t.relname = 'task' GROUP BY i.relname, ix.indexrelid, ix.indisprimary, ix.indisunique, ix.indkey ORDER BY i.relname;
2023-05-10 16:14:19 info: 137ms Executed (default): ALTER TABLE "auth" ALTER COLUMN "created_at" SET NOT NULL;ALTER TABLE "auth" ALTER COLUMN "created_at" DROP DEFAULT;ALTER TABLE "auth" ALTER COLUMN "created_at" TYPE TIMESTAMP WITH TIME ZONE;
2023-05-10 16:14:19 info: 134ms Executed (default): ALTER TABLE "task" ALTER COLUMN "status" DROP NOT NULL;ALTER TABLE "task" ALTER COLUMN "status" SET DEFAULT true;ALTER TABLE "task" ALTER COLUMN "status" TYPE BOOLEAN;
2023-05-10 16:14:19 info: 160ms Executed (default): ALTER TABLE "auth" ALTER COLUMN "updated_at" SET NOT NULL;ALTER TABLE "auth" ALTER COLUMN "updated_at" DROP DEFAULT;ALTER TABLE "auth" ALTER COLUMN "updated_at" TYPE TIMESTAMP WITH TIME ZONE;
2023-05-10 16:14:19 info: 216ms Executed (default): ALTER TABLE "task" ALTER COLUMN "lock" DROP NOT NULL;ALTER TABLE "task" ALTER COLUMN "lock" SET DEFAULT false;ALTER TABLE "task" ALTER COLUMN "lock" TYPE BOOLEAN;
2023-05-10 16:14:20 info: 166ms Executed (default): SELECT i.relname AS name, ix.indisprimary AS primary, ix.indisunique AS unique, ix.indkey AS indkey, array_agg(a.attnum) as column_indexes, array_agg(a.attname) AS column_names, pg_get_indexdef(ix.indexrelid) AS definition FROM pg_class t, pg_class i, pg_index ix, pg_attribute a WHERE t.oid = ix.indrelid AND i.oid = ix.indexrelid AND a.attrelid = t.oid AND t.relkind = 'r' and t.relname = 'auth' GROUP BY i.relname, ix.indexrelid, ix.indisprimary, ix.indisunique, ix.indkey ORDER BY i.relname;
2023-05-10 16:14:20 info: 126ms Executed (default): ALTER TABLE "task" ALTER COLUMN "created_at" SET NOT NULL;ALTER TABLE "task" ALTER COLUMN "created_at" DROP DEFAULT;ALTER TABLE "task" ALTER COLUMN "created_at" TYPE TIMESTAMP WITH TIME ZONE;
2023-05-10 16:14:20 info: 147ms Executed (default): ALTER TABLE "task" ALTER COLUMN "updated_at" SET NOT NULL;ALTER TABLE "task" ALTER COLUMN "updated_at" DROP DEFAULT;ALTER TABLE "task" ALTER COLUMN "updated_at" TYPE TIMESTAMP WITH TIME ZONE;
2023-05-10 16:14:20 info: 170ms Executed (default): SELECT i.relname AS name, ix.indisprimary AS primary, ix.indisunique AS unique, ix.indkey AS indkey, array_agg(a.attnum) as column_indexes, array_agg(a.attname) AS column_names, pg_get_indexdef(ix.indexrelid) AS definition FROM pg_class t, pg_class i, pg_index ix, pg_attribute a WHERE t.oid = ix.indrelid AND i.oid = ix.indexrelid AND a.attrelid = t.oid AND t.relkind = 'r' and t.relname = 'task' GROUP BY i.relname, ix.indexrelid, ix.indisprimary, ix.indisunique, ix.indkey ORDER BY i.relname;
2023-05-10 23:53:28 info: =================================
2023-05-10 23:53:28 info: ======= ENV: development =======
2023-05-10 23:53:28 info: 🚀 App listening on the port 3000
2023-05-10 23:53:28 info: =================================
2023-05-10 23:56:10 info: =================================
2023-05-10 23:56:10 info: ======= ENV: development =======
2023-05-10 23:56:10 info: 🚀 App listening on the port 3000
2023-05-10 23:56:10 info: =================================
2023-05-10 23:57:45 info: =================================
2023-05-10 23:57:45 info: ======= ENV: development =======
2023-05-10 23:57:45 info: 🚀 App listening on the port 3000
2023-05-10 23:57:45 info: =================================
2023-05-10 23:59:20 info: =================================
2023-05-10 23:59:20 info: ======= ENV: development =======
2023-05-10 23:59:20 info: 🚀 App listening on the port 3000
2023-05-10 23:59:20 info: =================================
